Arguments: 
  C:\Program Files\nodejs\node.exe C:\Program Files (x86)\Yarn\bin\yarn.js install

PATH: 
  C:\oraclexe\app\oracle\product\11.2.0\server\bin;C:\ProgramData\Oracle\Java\javapath;C:\WINDOWS\system32;C:\WINDOWS;C:\WINDOWS\System32\Wbem;C:\WINDOWS\System32\WindowsPowerShell\v1.0\;C:\Program Files (x86)\GtkSharp\2.12\bin;C:\Program Files\Microsoft SQL Server\130\Tools\Binn\;C:\Program Files\Microsoft\Web Platform Installer\;C:\Program Files (x86)\Microsoft SQL Server\110\DTS\Binn\;C:\Program Files (x86)\Microsoft SQL Server\120\DTS\Binn\;C:\Program Files (x86)\Microsoft SQL Server\130\DTS\Binn\;C:\Program Files\Anaconda3\Lib;C:\Program Files\opencv\build\x64\vc14\bin;C:\Program Files\opencv\build\x64\vc14\bin;C:\Go\bin;C:\Users\bikas\AppData\Local\Programs\Python\Python35-32\Lib\site-packages\numpy\core;C:\Program Files\Microsoft SQL Server\110\Tools\Binn\;C:\Program Files\nodejs\;C:\Program Files (x86)\Microsoft SQL Server\Client SDK\ODBC\130\Tools\Binn\;C:\Program Files (x86)\Microsoft SQL Server\130\Tools\Binn\;C:\Program Files (x86)\Microsoft SQL Server\130\Tools\Binn\ManagementStudio\;C:\Program Files\Microsoft SQL Server\Client SDK\ODBC\110\Tools\Binn\;C:\Program Files (x86)\Microsoft SQL Server\120\Tools\Binn\;C:\Program Files\Microsoft SQL Server\120\Tools\Binn\;C:\Program Files\Microsoft SQL Server\120\DTS\Binn\;C:\Program Files (x86)\Microsoft SQL Server\120\Tools\Binn\ManagementStudio\;C:\xampp\php;C:\ProgramData\ComposerSetup\bin;C:\xampp\mysql\bin;C:\Program Files (x86)\Xoreax\IncrediBuild;C:\Go;C:\Program Files\Git\cmd;C:\Ruby23\Dev-kit\bin;C:\Ruby23\Dev-kit;C:\Program Files (x86)\Yarn\bin;C:\Program Files\dotnet\;C:\Program Files (x86)\JetBrains\WebStorm 2016.3.3\bin;C:\Ruby23\bin;C:\Users\bikas\.cargo\bin;C:\Users\bikas\Anaconda3;C:\Users\bikas\Anaconda3\Scripts;C:\Users\bikas\Anaconda3\Library\bin;C:\Users\bikas\AppData\Local\Programs\Python\Python35\Scripts\;C:\Users\bikas\AppData\Local\Programs\Python\Python35\;c:\users\bikas\appdata\local\enthought\canopy\user\scripts;C:\Users\bikas\AppData\Local\Microsoft\WindowsApps;C:\Users\bikas\AppData\Local\Enthought\Canopy\User;C:\Users\bikas\AppData\Local\Enthought\Canopy\User\Scripts;C:\Program Files\Docker Toolbox;C:\Users\bikas\AppData\Roaming\npm;C:\Users\bikas\AppData\Roaming\Composer\vendor\bin;C:\Program Files (x86)\Microsoft VS Code\bin;C:\Users\bikas\AppData\Local\Yarn\.bin;C:\Users\bikas\AppData\Local\.meteor\

Yarn version: 
  0.21.3

Node version: 
  7.5.0

Platform: 
  win32 x64

npm manifest: 
  {
    "name": "angular-material",
    "version": "0.0.0",
    "license": "MIT",
    "scripts": {
      "ng": "ng",
      "start": "ng serve",
      "build": "ng build",
      "test": "ng test",
      "lint": "ng lint",
      "e2e": "ng e2e"
    },
    "private": true,
    "dependencies": {
      "@angular/common": "^4.0.0",
      "@angular/compiler": "^4.0.0",
      "@angular/core": "^4.0.0",
      "@angular/forms": "^4.0.0",
      "@angular/http": "^4.0.0",
      "@angular/platform-browser": "^4.0.0",
      "@angular/platform-browser-dynamic": "^4.0.0",
      "@angular/router": "^4.0.0",
      "core-js": "^2.4.1",
      "rxjs": "^5.1.0",
      "zone.js": "^0.8.4"
    },
    "devDependencies": {
      "@angular/cli": "1.0.0",
      "@angular/compiler-cli": "^4.0.0",
      "@types/jasmine": "2.5.38",
      "@types/node": "~6.0.60",
      "codelyzer": "~2.0.0",
      "jasmine-core": "~2.5.2",
      "jasmine-spec-reporter": "~3.2.0",
      "karma": "~1.4.1",
      "karma-chrome-launcher": "~2.0.0",
      "karma-cli": "~1.0.1",
      "karma-jasmine": "~1.1.0",
      "karma-jasmine-html-reporter": "^0.2.2",
      "karma-coverage-istanbul-reporter": "^0.2.0",
      "protractor": "~5.1.0",
      "ts-node": "~2.0.0",
      "tslint": "~4.5.0",
      "typescript": "~2.2.0"
    }
  }

yarn manifest: 
  No manifest

Lockfile: 
  No lockfile

Trace: 
  Error: connect ETIMEDOUT 104.16.62.173:443
      at Object.exports._errnoException (util.js:1023:11)
      at exports._exceptionWithHostPort (util.js:1046:20)
      at TCPConnectWrap.afterConnect [as oncomplete] (net.js:1090:14)
